=== [1/3] creating venv (python 3.11) ===
Downloading cpython-3.11.15-linux-x86_64-gnu (download) (29.4MiB)
 Downloaded cpython-3.11.15-linux-x86_64-gnu (download)
Using CPython 3.11.15
Creating virtual environment at: .venv
Activate with: source .venv/bin/activate
=== [2/3] installing CPU torch (only needed for a type union in array_typing) ===
Resolved 9 packages in 1.97s
Downloading torch (167.8MiB)
Downloading networkx (2.0MiB)
Downloading sympy (6.0MiB)
 Downloaded networkx
 Downloaded sympy
 Downloaded torch
Prepared 9 packages in 3m 22s
Installed 9 packages in 485ms
 + filelock==3.29.0
 + fsspec==2026.4.0
 + jinja2==3.1.6
 + markupsafe==3.0.3
 + mpmath==1.3.0
 + networkx==3.6.1
 + sympy==1.14.0
 + torch==2.7.1+cpu
 + typing-extensions==4.15.0
=== [3/3] installing jax[cuda12] + flax/orbax stack (openpi pins) ===
Resolved 41 packages in 1.93s
Downloading numpy (17.4MiB)
Downloading nvidia-nccl-cu12 (286.3MiB)
Downloading nvidia-cufft-cu12 (191.6MiB)
Downloading nvidia-nvjitlink-cu12 (37.9MiB)
Downloading nvidia-cuda-cupti-cu12 (10.3MiB)
Downloading nvidia-cusparse-cu12 (349.5MiB)
Downloading nvidia-cusolver-cu12 (322.5MiB)
Downloading scipy (33.7MiB)
Downloading pygments (1.2MiB)
Downloading jaxlib (100.2MiB)
Downloading ml-dtypes (2.1MiB)
Downloading nvidia-cuda-nvcc-cu12 (38.7MiB)
Downloading jax-cuda12-pjrt (99.8MiB)
Downloading jax (2.3MiB)
Downloading jax-cuda12-plugin (15.9MiB)
Downloading nvidia-cudnn-cu12 (687.4MiB)
Downloading nvidia-cublas-cu12 (554.3MiB)
Downloading nvidia-cuda-runtime-cu12 (3.3MiB)
Downloading nvidia-cuda-nvrtc-cu12 (85.4MiB)
Downloading tensorstore (17.5MiB)
 Downloaded pygments
 Downloaded ml-dtypes
 Downloaded jax
 Downloaded nvidia-cuda-runtime-cu12
 Downloaded nvidia-cuda-cupti-cu12
 Downloaded jax-cuda12-plugin
 Downloaded numpy
 Downloaded tensorstore
 Downloaded scipy
 Downloaded nvidia-nvjitlink-cu12
 Downloaded nvidia-cuda-nvcc-cu12
 Downloaded nvidia-cuda-nvrtc-cu12
 Downloaded jax-cuda12-pjrt
 Downloaded jaxlib
 Downloaded nvidia-cufft-cu12
 Downloaded nvidia-nccl-cu12
 Downloaded nvidia-cusolver-cu12
 Downloaded nvidia-cusparse-cu12
 Downloaded nvidia-cublas-cu12
 Downloaded nvidia-cudnn-cu12
Prepared 39 packages in 6m 18s
Installed 39 packages in 235ms
 + absl-py==2.4.0
 + beartype==0.19.0
 + einops==0.8.2
 + etils==1.14.0
 + flax==0.10.2
 + humanize==4.15.0
 + jax==0.5.3
 + jax-cuda12-pjrt==0.5.3
 + jax-cuda12-plugin==0.5.3
 + jaxlib==0.5.3
 + jaxtyping==0.2.36
 + markdown-it-py==4.2.0
 + mdurl==0.1.2
 + ml-dtypes==0.4.1
 + msgpack==1.1.2
 + nest-asyncio==1.6.0
 + numpy==1.26.4
 + nvidia-cublas-cu12==12.9.2.10
 + nvidia-cuda-cupti-cu12==12.9.79
 + nvidia-cuda-nvcc-cu12==12.9.86
 + nvidia-cuda-nvrtc-cu12==12.9.86
 + nvidia-cuda-runtime-cu12==12.9.79
 + nvidia-cudnn-cu12==9.23.0.39
 + nvidia-cufft-cu12==11.4.1.4
 + nvidia-cusolver-cu12==11.7.5.82
 + nvidia-cusparse-cu12==12.5.10.65
 + nvidia-nccl-cu12==2.30.4
 + nvidia-nvjitlink-cu12==12.9.86
 + opt-einsum==3.4.0
 + optax==0.2.8
 + orbax-checkpoint==0.11.13
 + protobuf==7.35.0
 + pygments==2.20.0
 + pyyaml==6.0.3
 + rich==15.0.0
 + scipy==1.17.1
 + simplejson==4.1.1
 + tensorstore==0.1.74
 + zipp==4.1.0
=== verifying imports ===
jax 0.5.3
flax 0.10.2
numpy 1.26.4
torch 2.7.1+cpu
jax devices: [CudaDevice(id=0), CudaDevice(id=1)]
ENV_BUILD_DONE
